00:49:09.096 [JavaFX Application Thread] DEBUG GameApplication      - Logger initialized
00:49:09.158 [JavaFX Application Thread] DEBUG MainWindow           - Creating a JavaFX scene
00:49:11.084 [JavaFX Application Thread] DEBUG MainWindow           - Target settings size: 600.0 x 400.0
00:49:11.084 [JavaFX Application Thread] DEBUG MainWindow           - Scaled scene size:    600.0 x 400.0
00:49:11.085 [JavaFX Application Thread] DEBUG MainWindow           - Scaled ratio: (1.0, 1.0)
00:49:13.331 [JavaFX Application Thread] DEBUG GameApplication      - Starting FXGL
00:49:14.519 [FXGL Launcher Thread     ] INFO  Version              - FXGL-0.4.3
00:49:14.520 [FXGL Launcher Thread     ] INFO  Version              - Source code and latest versions at: https://github.com/AlmasB/FXGL
00:49:14.520 [FXGL Launcher Thread     ] INFO  Version              -              Join the FXGL chat at: https://gitter.im/AlmasB/FXGL
00:49:14.523 [FXGL Launcher Thread     ] DEBUG FXGL                 - Loading default FXGL system data
00:49:16.785 [JavaFX Application Thread] DEBUG UpdaterTask          - Checking for updates
00:49:18.469 [JavaFX Application Thread] DEBUG IOTask               - Showing dialog
00:49:18.471 [FXGL Background Thread 1 ] DEBUG IOTask               - Executing task: openStream(https://raw.githubusercontent.com/AlmasB/FXGL/master/pom.xml)
00:49:18.472 [FXGL Background Thread 1 ] DEBUG IOTask               - Executing task: openStream(https://raw.githubusercontent.com/AlmasB/FXGL/master/pom.xml)
00:49:24.821 [FXGL Background Thread 1 ] DEBUG IOTask               - Executing task: latestVersion
00:49:24.828 [JavaFX Application Thread] DEBUG IOTask               - succeed(): Dismissing dialog
00:49:24.829 [JavaFX Application Thread] DEBUG IOTask               - Task succeeded: openStream(https://raw.githubusercontent.com/AlmasB/FXGL/master/pom.xml)
00:49:24.868 [FXGL Launcher Thread     ] DEBUG GameApplication      - FXGL started
00:49:24.868 [FXGL Launcher Thread     ] DEBUG GameApplication      - Logging game settings
Title: Minigame
Version: 0.1
Width: 600
Height: 400
Fullscreen: false
Intro: false
Menus: false
Profiling: false
Single step:false
App Mode: DEVELOPER
Menu Key: ESCAPE
Stage Style: DECORATED
Scene Factory: class com.almasb.fxgl.scene.SceneFactory
Dialog Factory: class com.almasb.fxgl.ui.FXGLDialogFactory
UI Factory: class com.almasb.fxgl.ui.FXGLUIFactory
Notification Service: class com.almasb.fxgl.gameplay.notification.XboxNotificationView
Exception Handler: class com.almasb.fxgl.app.FXGLExceptionHandler
00:49:24.870 [FXGL Launcher Thread     ] DEBUG GameApplication      - Configuring GameApplication
00:49:24.870 [FXGL Launcher Thread     ] DEBUG GameApplication      - Initializing state machine and application states
00:49:24.930 [FXGL Launcher Thread     ] DEBUG AssetLoader          - Loading from disk: /assets/ui/cursors/fxgl_default.png
00:49:25.026 [FXGL Launcher Thread     ] DEBUG AssetLoader          - Loading from disk: /assets/ui/cursors/fxgl_default.png
00:49:25.032 [FXGL Launcher Thread     ] DEBUG AssetLoader          - Loading from disk: /assets/ui/cursors/fxgl_default.png
00:49:25.085 [FXGL Launcher Thread     ] DEBUG AssetLoader          - Loading from disk: /assets/sounds/core/notification.wav
00:49:25.261 [FXGL Launcher Thread     ] DEBUG AssetLoader          - Loading from disk: /assets/sounds/menu/select.wav
00:49:25.263 [FXGL Launcher Thread     ] DEBUG AssetLoader          - Loading from disk: /assets/sounds/menu/back.wav
00:49:25.266 [FXGL Launcher Thread     ] DEBUG AssetLoader          - Loading from disk: /assets/sounds/menu/press.wav
00:49:25.270 [FXGL Launcher Thread     ] DEBUG AssetLoader          - Loading from disk: /assets/ui/fonts/VarelaRound-Regular.ttf
00:49:25.322 [FXGL Launcher Thread     ] DEBUG AssetLoader          - Loading from disk: /assets/ui/fonts/lucida_console.ttf
00:49:25.327 [FXGL Launcher Thread     ] DEBUG AssetLoader          - Loading from disk: /assets/ui/css/fxgl_dark.css
00:49:25.328 [FXGL Launcher Thread     ] DEBUG AssetLoader          - Loading from disk: /assets/ui/icons/fxgl_icon.png
00:49:25.373 [FXGL Launcher Thread     ] DEBUG AssetLoader          - Loading from disk: /assets/ui/cursors/fxgl_default.png
00:49:26.418 [FXGL Launcher Thread     ] DEBUG FXGL.GameScene       - Game scene initialized: 600x400
00:49:26.422 [FXGL Launcher Thread     ] DEBUG FXGL.GameWorld       - Game world initialized
00:49:27.677 [FXGL Launcher Thread     ] DEBUG PhysicsWorld         - Physics world initialized: appHeight=400, physics.ppm=50.0
00:49:27.682 [FXGL Launcher Thread     ] DEBUG Input                - Registered new binding: Pause - Esc
00:49:27.711 [FXGL Launcher Thread     ] INFO  GameApplication      - Game configuration took:  2.840 sec
00:49:27.713 [JavaFX Application Thread] DEBUG MainWindow           - Opening main window
00:49:28.729 [JavaFX Application Thread] DEBUG MainWindow           - Window border size: (0.0, 0.0)
00:49:28.730 [JavaFX Application Thread] DEBUG MainWindow           - Scaled size: 600.0 x 400.0
00:49:28.730 [JavaFX Application Thread] DEBUG MainWindow           - Scaled ratio: (1.0, 1.0)
00:49:28.730 [JavaFX Application Thread] DEBUG MainWindow           - Scene size: 600.0 x 400.0
00:49:28.730 [JavaFX Application Thread] DEBUG MainWindow           - Stage size: 600.0 x 400.0
00:49:28.730 [JavaFX Application Thread] DEBUG GameApplication      - Running preInit()
00:49:28.732 [JavaFX Application Thread] DEBUG AnnotationParser     - Main app package name: NO PACKAGE
00:49:28.732 [JavaFX Application Thread] WARN  AnnotationParser     - Main has no package or contains uppercase letters. Disabling annotations processing
00:49:28.736 [JavaFX Application Thread] DEBUG Input                - Registered new binding: Screenshot - P
00:49:28.737 [JavaFX Application Thread] DEBUG Input                - Registered new binding: Dev Options - CTRL+0
00:49:28.737 [JavaFX Application Thread] DEBUG Input                - Registered new binding: Restart - CTRL+R
00:49:28.738 [JavaFX Application Thread] DEBUG Input                - Registered new binding: Move Right - D
00:49:28.738 [JavaFX Application Thread] DEBUG Input                - Registered new binding: Move Left - A
00:49:28.738 [JavaFX Application Thread] DEBUG Input                - Registered new binding: Move Up - W
00:49:28.738 [JavaFX Application Thread] DEBUG Input                - Registered new binding: Move Down - S
00:49:28.841 [JavaFX Application Thread] DEBUG GameApplication      - Starting main loop
00:49:30.284 [JavaFX Application Thread] DEBUG StartupState         - STARTUP
00:49:30.285 [JavaFX Application Thread] DEBUG GameApplication      - Starting new game
00:49:30.285 [JavaFX Application Thread] DEBUG Input                - Clearing active input actions
00:49:30.373 [JavaFX Application Thread] DEBUG AppStateMachine      - StartupState -> LoadingState
00:49:30.381 [JavaFX Application Thread] DEBUG AnnotationParser     - Main app package name: NO PACKAGE
00:49:30.382 [JavaFX Application Thread] WARN  AnnotationParser     - Main has no package or contains uppercase letters. Disabling annotations processing
00:49:30.382 [JavaFX Application Thread] DEBUG InitAppTask          - Parsing annotations
00:49:30.388 [FXGL Background Thread 1 ] DEBUG InitAppTask          - Clearing previous game
00:49:30.388 [FXGL Background Thread 1 ] DEBUG FXGL.GameWorld       - Clearing game world
00:49:30.389 [FXGL Background Thread 1 ] DEBUG PhysicsWorld         - Clearing physics world
00:49:30.389 [FXGL Background Thread 1 ] DEBUG FXGL.GameScene       - Clearing game scene
00:49:31.412 [FXGL Background Thread 1 ] DEBUG InitAppTask          - Initializing Assets
00:49:31.414 [FXGL Background Thread 1 ] DEBUG InitAppTask          - Initializing Game
00:49:31.565 [FXGL Background Thread 1 ] DEBUG FXGL.GameScene       - Creating render group for layer: DEFAULT(100000)
00:49:31.573 [FXGL Background Thread 1 ] DEBUG InitAppTask          - Initializing Physics
00:49:31.573 [FXGL Background Thread 1 ] DEBUG InitAppTask          - Initializing UI
00:49:32.620 [FXGL Background Thread 1 ] DEBUG InitAppTask          - Initialization Complete
00:49:32.621 [FXGL Background Thread 1 ] INFO  InitAppTask          - Game initialization took: 2.233 sec
00:49:32.633 [JavaFX Application Thread] DEBUG Input                - Clearing active input actions
00:49:32.645 [JavaFX Application Thread] DEBUG AppStateMachine      - LoadingState -> PlayState
00:50:29.237 [JavaFX Application Thread] DEBUG GameApplication      - Exiting game application
00:50:29.240 [JavaFX Application Thread] DEBUG GameApplication      - Shutting down background threads
00:50:29.241 [JavaFX Application Thread] DEBUG GameApplication      - Exiting FXGL
00:50:29.241 [JavaFX Application Thread] DEBUG FXGL                 - Saving FXGL system data
00:50:29.246 [JavaFX Application Thread] DEBUG IOTask               - Executing task: writeDataTask(system/fxgl.bundle)
00:50:29.371 [JavaFX Application Thread] DEBUG FS                   - Writing to: system/fxgl.bundle
00:50:29.388 [JavaFX Application Thread] DEBUG IOTask               - Task succeeded: writeDataTask(system/fxgl.bundle)
00:50:29.389 [JavaFX Application Thread] DEBUG GameApplication      - Closing logger and exiting JavaFX
